# JRE version: OpenJDK Runtime Environment Temurin-21.0.8+9 (21.0.8+9) (build 21.0.8+9-LTS)
# Java VM: OpenJDK 64-Bit Server VM Temurin-21.0.8+9 (21.0.8+9-LTS, mixed mode, sharing, tiered, compressed oops, compressed class ptrs, parallel gc, windows-amd64)
GC Precious Log:
 CardTable entry size: 512
 CPUs: 8 total, 8 available
 Memory: 7876M
 Large Page Support: Disabled
 NUMA Support: Disabled
 Compressed Oops: Enabled (32-bit)
 Alignments: Space 512K, Generation 512K, Heap 2M
 Heap Min Capacity: 100M
 Heap Initial Capacity: 100M
 Heap Max Capacity: 2G
 Pre-touch: Disabled
 Parallel Workers: 8
Heap:
 PSYoungGen      total 16896K, used 9827K [0x00000000d5580000, 0x00000000d6900000, 0x0000000100000000)
  eden space 15360K, 54% used [0x00000000d5580000,0x00000000d5d9bc80,0x00000000d6480000)
  from space 1536K, 99% used [0x00000000d6780000,0x00000000d68fd220,0x00000000d6900000)
  to   space 2048K, 0% used [0x00000000d6500000,0x00000000d6500000,0x00000000d6700000)
 ParOldGen       total 68608K, used 62825K [0x0000000080000000, 0x0000000084300000, 0x00000000d5580000)
  object space 68608K, 91% used [0x0000000080000000,0x0000000083d5a478,0x0000000084300000)
 Metaspace       used 62487K, committed 63936K, reserved 1114112K
  class space    used 6692K, committed 7296K, reserved 1048576K
GC Heap History (20 events):
Event: 15.760 GC heap before
{Heap before GC invocations=57 (full 3):
 PSYoungGen      total 17920K, used 17641K [0x00000000d5580000, 0x00000000d6800000, 0x0000000100000000)
  eden space 16896K, 100% used [0x00000000d5580000,0x00000000d6600000,0x00000000d6600000)
  from space 1024K, 72% used [0x00000000d6600000,0x00000000d66ba400,0x00000000d6700000)
  to   space 1024K, 0% used [0x00000000d6700000,0x00000000d6700000,0x00000000d6800000)
 ParOldGen       total 68608K, used 52454K [0x0000000080000000, 0x0000000084300000, 0x00000000d5580000)
  object space 68608K, 76% used [0x0000000080000000,0x0000000083339a40,0x0000000084300000)
 Metaspace       used 58818K, committed 60288K, reserved 1114112K
  class space    used 6307K, committed 6976K, reserved 1048576K
}
Event: 15.762 GC heap after
{Heap after GC invocations=57 (full 3):
 PSYoungGen      total 17920K, used 512K [0x00000000d5580000, 0x00000000d6800000, 0x0000000100000000)
  eden space 16896K, 0% used [0x00000000d5580000,0x00000000d5580000,0x00000000d6600000)
  from space 1024K, 50% used [0x00000000d6700000,0x00000000d6780000,0x00000000d6800000)
  to   space 1024K, 0% used [0x00000000d6600000,0x00000000d6600000,0x00000000d6700000)
 ParOldGen       total 68608K, used 53695K [0x0000000080000000, 0x0000000084300000, 0x00000000d5580000)
  object space 68608K, 78% used [0x0000000080000000,0x000000008346fe40,0x0000000084300000)
 Metaspace       used 58818K, committed 60288K, reserved 1114112K
  class space    used 6307K, committed 6976K, reserved 1048576K
}
Event: 15.841 GC heap before
{Heap before GC invocations=58 (full 3):
 PSYoungGen      total 17920K, used 17408K [0x00000000d5580000, 0x00000000d6800000, 0x0000000100000000)
  eden space 16896K, 100% used [0x00000000d5580000,0x00000000d6600000,0x00000000d6600000)
  from space 1024K, 50% used [0x00000000d6700000,0x00000000d6780000,0x00000000d6800000)
  to   space 1024K, 0% used [0x00000000d6600000,0x00000000d6600000,0x00000000d6700000)
 ParOldGen       total 68608K, used 53695K [0x0000000080000000, 0x0000000084300000, 0x00000000d5580000)
  object space 68608K, 78% used [0x0000000080000000,0x000000008346fe40,0x0000000084300000)
 Metaspace       used 58837K, committed 60288K, reserved 1114112K
  class space    used 6310K, committed 6976K, reserved 1048576K
}
Event: 15.843 GC heap after
{Heap after GC invocations=58 (full 3):
 PSYoungGen      total 17920K, used 574K [0x00000000d5580000, 0x00000000d6800000, 0x0000000100000000)
  eden space 16896K, 0% used [0x00000000d5580000,0x00000000d5580000,0x00000000d6600000)
  from space 1024K, 56% used [0x00000000d6600000,0x00000000d668fb30,0x00000000d6700000)
  to   space 1024K, 0% used [0x00000000d6700000,0x00000000d6700000,0x00000000d6800000)
 ParOldGen       total 68608K, used 53959K [0x0000000080000000, 0x0000000084300000, 0x00000000d5580000)
  object space 68608K, 78% used [0x0000000080000000,0x00000000834b1e40,0x0000000084300000)
 Metaspace       used 58837K, committed 60288K, reserved 1114112K
  class space    used 6310K, committed 6976K, reserved 1048576K
}
Event: 15.939 GC heap before
{Heap before GC invocations=59 (full 3):
 PSYoungGen      total 17920K, used 17470K [0x00000000d5580000, 0x00000000d6800000, 0x0000000100000000)
  eden space 16896K, 100% used [0x00000000d5580000,0x00000000d6600000,0x00000000d6600000)
  from space 1024K, 56% used [0x00000000d6600000,0x00000000d668fb30,0x00000000d6700000)
  to   space 1024K, 0% used [0x00000000d6700000,0x00000000d6700000,0x00000000d6800000)
 ParOldGen       total 68608K, used 53959K [0x0000000080000000, 0x0000000084300000, 0x00000000d5580000)
  object space 68608K, 78% used [0x0000000080000000,0x00000000834b1e40,0x0000000084300000)
 Metaspace       used 58839K, committed 60352K, reserved 1114112K
  class space    used 6310K, committed 6976K, reserved 1048576K
}
Event: 15.941 GC heap after
{Heap after GC invocations=59 (full 3):
 PSYoungGen      total 17920K, used 775K [0x00000000d5580000, 0x00000000d6800000, 0x0000000100000000)
  eden space 16896K, 0% used [0x00000000d5580000,0x00000000d5580000,0x00000000d6600000)
  from space 1024K, 75% used [0x00000000d6700000,0x00000000d67c1c28,0x00000000d6800000)
  to   space 1024K, 0% used [0x00000000d6600000,0x00000000d6600000,0x00000000d6700000)
 ParOldGen       total 68608K, used 54340K [0x0000000080000000, 0x0000000084300000, 0x00000000d5580000)
  object space 68608K, 79% used [0x0000000080000000,0x00000000835112b8,0x0000000084300000)
 Metaspace       used 58839K, committed 60352K, reserved 1114112K
  class space    used 6310K, committed 6976K, reserved 1048576K
}
Event: 15.998 GC heap before
{Heap before GC invocations=60 (full 3):
 PSYoungGen      total 17920K, used 17671K [0x00000000d5580000, 0x00000000d6800000, 0x0000000100000000)
  eden space 16896K, 100% used [0x00000000d5580000,0x00000000d6600000,0x00000000d6600000)
  from space 1024K, 75% used [0x00000000d6700000,0x00000000d67c1c28,0x00000000d6800000)
  to   space 1024K, 0% used [0x00000000d6600000,0x00000000d6600000,0x00000000d6700000)
 ParOldGen       total 68608K, used 54340K [0x0000000080000000, 0x0000000084300000, 0x00000000d5580000)
  object space 68608K, 79% used [0x0000000080000000,0x00000000835112b8,0x0000000084300000)
 Metaspace       used 58957K, committed 60416K, reserved 1114112K
  class space    used 6320K, committed 6976K, reserved 1048576K
}
Event: 16.002 GC heap after
{Heap after GC invocations=60 (full 3):
 PSYoungGen      total 17920K, used 580K [0x00000000d5580000, 0x00000000d6800000, 0x0000000100000000)
  eden space 16896K, 0% used [0x00000000d5580000,0x00000000d5580000,0x00000000d6600000)
  from space 1024K, 56% used [0x00000000d6600000,0x00000000d66913c8,0x00000000d6700000)
  to   space 1024K, 0% used [0x00000000d6700000,0x00000000d6700000,0x00000000d6800000)
 ParOldGen       total 68608K, used 54927K [0x0000000080000000, 0x0000000084300000, 0x00000000d5580000)
  object space 68608K, 80% used [0x0000000080000000,0x00000000835a3fc8,0x0000000084300000)
 Metaspace       used 58957K, committed 60416K, reserved 1114112K
  class space    used 6320K, committed 6976K, reserved 1048576K
}
Event: 16.076 GC heap before
{Heap before GC invocations=61 (full 3):
 PSYoungGen      total 17920K, used 17476K [0x00000000d5580000, 0x00000000d6800000, 0x0000000100000000)
  eden space 16896K, 100% used [0x00000000d5580000,0x00000000d6600000,0x00000000d6600000)
  from space 1024K, 56% used [0x00000000d6600000,0x00000000d66913c8,0x00000000d6700000)
  to   space 1024K, 0% used [0x00000000d6700000,0x00000000d6700000,0x00000000d6800000)
 ParOldGen       total 68608K, used 54927K [0x0000000080000000, 0x0000000084300000, 0x00000000d5580000)
  object space 68608K, 80% used [0x0000000080000000,0x00000000835a3fc8,0x0000000084300000)
 Metaspace       used 59042K, committed 60480K, reserved 1114112K
  class space    used 6328K, committed 6976K, reserved 1048576K
}
Event: 16.080 GC heap after
{Heap after GC invocations=61 (full 3):
 PSYoungGen      total 17920K, used 789K [0x00000000d5580000, 0x00000000d6800000, 0x0000000100000000)
  eden space 16896K, 0% used [0x00000000d5580000,0x00000000d5580000,0x00000000d6600000)
  from space 1024K, 77% used [0x00000000d6700000,0x00000000d67c5500,0x00000000d6800000)
  to   space 1024K, 0% used [0x00000000d6600000,0x00000000d6600000,0x00000000d6700000)
 ParOldGen       total 68608K, used 55358K [0x0000000080000000, 0x0000000084300000, 0x00000000d5580000)
  object space 68608K, 80% used [0x0000000080000000,0x000000008360f808,0x0000000084300000)
 Metaspace       used 59042K, committed 60480K, reserved 1114112K
  class space    used 6328K, committed 6976K, reserved 1048576K
}
Event: 16.122 GC heap before
{Heap before GC invocations=62 (full 3):
 PSYoungGen      total 17920K, used 17685K [0x00000000d5580000, 0x00000000d6800000, 0x0000000100000000)
  eden space 16896K, 100% used [0x00000000d5580000,0x00000000d6600000,0x00000000d6600000)
  from space 1024K, 77% used [0x00000000d6700000,0x00000000d67c5500,0x00000000d6800000)
  to   space 1024K, 0% used [0x00000000d6600000,0x00000000d6600000,0x00000000d6700000)
 ParOldGen       total 68608K, used 55358K [0x0000000080000000, 0x0000000084300000, 0x00000000d5580000)
  object space 68608K, 80% used [0x0000000080000000,0x000000008360f808,0x0000000084300000)
 Metaspace       used 59082K, committed 60544K, reserved 1114112K
  class space    used 6329K, committed 6976K, reserved 1048576K
}
Event: 16.125 GC heap after
{Heap after GC invocations=62 (full 3):
 PSYoungGen      total 17920K, used 491K [0x00000000d5580000, 0x00000000d6800000, 0x0000000100000000)
  eden space 16896K, 0% used [0x00000000d5580000,0x00000000d5580000,0x00000000d6600000)
  from space 1024K, 48% used [0x00000000d6600000,0x00000000d667afb0,0x00000000d6700000)
  to   space 1024K, 0% used [0x00000000d6700000,0x00000000d6700000,0x00000000d6800000)
 ParOldGen       total 68608K, used 56024K [0x0000000080000000, 0x0000000084300000, 0x00000000d5580000)
  object space 68608K, 81% used [0x0000000080000000,0x00000000836b6360,0x0000000084300000)
 Metaspace       used 59082K, committed 60544K, reserved 1114112K
  class space    used 6329K, committed 6976K, reserved 1048576K
}
Event: 16.362 GC heap before
{Heap before GC invocations=63 (full 3):
 PSYoungGen      total 17920K, used 17387K [0x00000000d5580000, 0x00000000d6800000, 0x0000000100000000)
  eden space 16896K, 100% used [0x00000000d5580000,0x00000000d6600000,0x00000000d6600000)
  from space 1024K, 48% used [0x00000000d6600000,0x00000000d667afb0,0x00000000d6700000)
  to   space 1024K, 0% used [0x00000000d6700000,0x00000000d6700000,0x00000000d6800000)
 ParOldGen       total 68608K, used 56024K [0x0000000080000000, 0x0000000084300000, 0x00000000d5580000)
  object space 68608K, 81% used [0x0000000080000000,0x00000000836b6360,0x0000000084300000)
 Metaspace       used 59715K, committed 61120K, reserved 1114112K
  class space    used 6411K, committed 7040K, reserved 1048576K
}
Event: 16.366 GC heap after
{Heap after GC invocations=63 (full 3):
 PSYoungGen      total 16384K, used 1008K [0x00000000d5580000, 0x00000000d6b00000, 0x0000000100000000)
  eden space 15360K, 0% used [0x00000000d5580000,0x00000000d5580000,0x00000000d6480000)
  from space 1024K, 98% used [0x00000000d6700000,0x00000000d67fc010,0x00000000d6800000)
  to   space 2560K, 0% used [0x00000000d6480000,0x00000000d6480000,0x00000000d6700000)
 ParOldGen       total 68608K, used 57108K [0x0000000080000000, 0x0000000084300000, 0x00000000d5580000)
  object space 68608K, 83% used [0x0000000080000000,0x00000000837c5328,0x0000000084300000)
 Metaspace       used 59715K, committed 61120K, reserved 1114112K
  class space    used 6411K, committed 7040K, reserved 1048576K
}
Event: 16.627 GC heap before
{Heap before GC invocations=64 (full 3):
 PSYoungGen      total 16384K, used 16368K [0x00000000d5580000, 0x00000000d6b00000, 0x0000000100000000)
  eden space 15360K, 100% used [0x00000000d5580000,0x00000000d6480000,0x00000000d6480000)
  from space 1024K, 98% used [0x00000000d6700000,0x00000000d67fc010,0x00000000d6800000)
  to   space 2560K, 0% used [0x00000000d6480000,0x00000000d6480000,0x00000000d6700000)
 ParOldGen       total 68608K, used 57108K [0x0000000080000000, 0x0000000084300000, 0x00000000d5580000)
  object space 68608K, 83% used [0x0000000080000000,0x00000000837c5328,0x0000000084300000)
 Metaspace       used 60445K, committed 61888K, reserved 1114112K
  class space    used 6510K, committed 7104K, reserved 1048576K
}
Event: 16.632 GC heap after
{Heap after GC invocations=64 (full 3):
 PSYoungGen      total 17920K, used 2536K [0x00000000d5580000, 0x00000000d6d80000, 0x0000000100000000)
  eden space 15360K, 0% used [0x00000000d5580000,0x00000000d5580000,0x00000000d6480000)
  from space 2560K, 99% used [0x00000000d6480000,0x00000000d66fa288,0x00000000d6700000)
  to   space 4608K, 0% used [0x00000000d6900000,0x00000000d6900000,0x00000000d6d80000)
 ParOldGen       total 68608K, used 58555K [0x0000000080000000, 0x0000000084300000, 0x00000000d5580000)
  object space 68608K, 85% used [0x0000000080000000,0x000000008392ed50,0x0000000084300000)
 Metaspace       used 60445K, committed 61888K, reserved 1114112K
  class space    used 6510K, committed 7104K, reserved 1048576K
}
Event: 17.033 GC heap before
{Heap before GC invocations=65 (full 3):
 PSYoungGen      total 17920K, used 17896K [0x00000000d5580000, 0x00000000d6d80000, 0x0000000100000000)
  eden space 15360K, 100% used [0x00000000d5580000,0x00000000d6480000,0x00000000d6480000)
  from space 2560K, 99% used [0x00000000d6480000,0x00000000d66fa288,0x00000000d6700000)
  to   space 4608K, 0% used [0x00000000d6900000,0x00000000d6900000,0x00000000d6d80000)
 ParOldGen       total 68608K, used 58555K [0x0000000080000000, 0x0000000084300000, 0x00000000d5580000)
  object space 68608K, 85% used [0x0000000080000000,0x000000008392ed50,0x0000000084300000)
 Metaspace       used 61090K, committed 62592K, reserved 1114112K
  class space    used 6578K, committed 7232K, reserved 1048576K
}
Event: 17.042 GC heap after
{Heap after GC invocations=65 (full 3):
 PSYoungGen      total 17408K, used 1969K [0x00000000d5580000, 0x00000000d6b00000, 0x0000000100000000)
  eden space 15360K, 0% used [0x00000000d5580000,0x00000000d5580000,0x00000000d6480000)
  from space 2048K, 96% used [0x00000000d6900000,0x00000000d6aec4b8,0x00000000d6b00000)
  to   space 3072K, 0% used [0x00000000d6500000,0x00000000d6500000,0x00000000d6800000)
 ParOldGen       total 68608K, used 61060K [0x0000000080000000, 0x0000000084300000, 0x00000000d5580000)
  object space 68608K, 88% used [0x0000000080000000,0x0000000083ba1370,0x0000000084300000)
 Metaspace       used 61090K, committed 62592K, reserved 1114112K
  class space    used 6578K, committed 7232K, reserved 1048576K
}
Event: 17.423 GC heap before
{Heap before GC invocations=66 (full 3):
 PSYoungGen      total 17408K, used 17329K [0x00000000d5580000, 0x00000000d6b00000, 0x0000000100000000)
  eden space 15360K, 100% used [0x00000000d5580000,0x00000000d6480000,0x00000000d6480000)
  from space 2048K, 96% used [0x00000000d6900000,0x00000000d6aec4b8,0x00000000d6b00000)
  to   space 3072K, 0% used [0x00000000d6500000,0x00000000d6500000,0x00000000d6800000)
 ParOldGen       total 68608K, used 61060K [0x0000000080000000, 0x0000000084300000, 0x00000000d5580000)
  object space 68608K, 88% used [0x0000000080000000,0x0000000083ba1370,0x0000000084300000)
 Metaspace       used 61821K, committed 63232K, reserved 1114112K
  class space    used 6631K, committed 7232K, reserved 1048576K
}
Event: 17.428 GC heap after
{Heap after GC invocations=66 (full 3):
 PSYoungGen      total 16896K, used 1301K [0x00000000d5580000, 0x00000000d6980000, 0x0000000100000000)
  eden space 15360K, 0% used [0x00000000d5580000,0x00000000d5580000,0x00000000d6480000)
  from space 1536K, 84% used [0x00000000d6500000,0x00000000d66455d0,0x00000000d6680000)
  to   space 2048K, 0% used [0x00000000d6780000,0x00000000d6780000,0x00000000d6980000)
 ParOldGen       total 68608K, used 62425K [0x0000000080000000, 0x0000000084300000, 0x00000000d5580000)
  object space 68608K, 90% used [0x0000000080000000,0x0000000083cf6448,0x0000000084300000)
 Metaspace       used 61821K, committed 63232K, reserved 1114112K
  class space    used 6631K, committed 7232K, reserved 1048576K
}

