# JRE version: OpenJDK Runtime Environment Temurin-21.0.8+9 (21.0.8+9) (build 21.0.8+9-LTS)
# Java VM: OpenJDK 64-Bit Server VM Temurin-21.0.8+9 (21.0.8+9-LTS, mixed mode, sharing, tiered, compressed oops, compressed class ptrs, parallel gc, windows-amd64)
GC Precious Log:
 CardTable entry size: 512
 CPUs: 8 total, 8 available
 Memory: 7876M
 Large Page Support: Disabled
 NUMA Support: Disabled
 Compressed Oops: Enabled (32-bit)
 Alignments: Space 512K, Generation 512K, Heap 2M
 Heap Min Capacity: 100M
 Heap Initial Capacity: 100M
 Heap Max Capacity: 2G
 Pre-touch: Disabled
 Parallel Workers: 8
Heap:
 PSYoungGen      total 15360K, used 15337K [0x00000000d5580000, 0x00000000d6b80000, 0x0000000100000000)
  eden space 9728K, 100% used [0x00000000d5580000,0x00000000d5f00000,0x00000000d5f00000)
  from space 5632K, 99% used [0x00000000d5f00000,0x00000000d647a4d0,0x00000000d6480000)
  to   space 4096K, 100% used [0x00000000d6480000,0x00000000d6880000,0x00000000d6880000)
 ParOldGen       total 122368K, used 122365K [0x0000000080000000, 0x0000000087780000, 0x00000000d5580000)
  object space 122368K, 99% used [0x0000000080000000,0x000000008777f408,0x0000000087780000)
 Metaspace       used 62926K, committed 64384K, reserved 1114112K
  class space    used 6699K, committed 7296K, reserved 1048576K
GC Heap History (20 events):
Event: 21.678 GC heap before
{Heap before GC invocations=69 (full 3):
 PSYoungGen      total 17408K, used 17404K [0x00000000d5580000, 0x00000000d7780000, 0x0000000100000000)
  eden space 13312K, 100% used [0x00000000d5580000,0x00000000d6280000,0x00000000d6280000)
  from space 4096K, 99% used [0x00000000d6980000,0x00000000d6d7f318,0x00000000d6d80000)
  to   space 10240K, 0% used [0x00000000d6d80000,0x00000000d6d80000,0x00000000d7780000)
 ParOldGen       total 84992K, used 84542K [0x0000000080000000, 0x0000000085300000, 0x00000000d5580000)
  object space 84992K, 99% used [0x0000000080000000,0x000000008528f998,0x0000000085300000)
 Metaspace       used 61160K, committed 62592K, reserved 1114112K
  class space    used 6521K, committed 7104K, reserved 1048576K
}
Event: 21.689 GC heap after
{Heap after GC invocations=69 (full 3):
 PSYoungGen      total 15360K, used 1936K [0x00000000d5580000, 0x00000000d6f80000, 0x0000000100000000)
  eden space 13312K, 0% used [0x00000000d5580000,0x00000000d5580000,0x00000000d6280000)
  from space 2048K, 94% used [0x00000000d6d80000,0x00000000d6f640e8,0x00000000d6f80000)
  to   space 5120K, 0% used [0x00000000d6580000,0x00000000d6580000,0x00000000d6a80000)
 ParOldGen       total 89088K, used 88618K [0x0000000080000000, 0x0000000085700000, 0x00000000d5580000)
  object space 89088K, 99% used [0x0000000080000000,0x000000008568a910,0x0000000085700000)
 Metaspace       used 61160K, committed 62592K, reserved 1114112K
  class space    used 6521K, committed 7104K, reserved 1048576K
}
Event: 21.932 GC heap before
{Heap before GC invocations=70 (full 3):
 PSYoungGen      total 15360K, used 15248K [0x00000000d5580000, 0x00000000d6f80000, 0x0000000100000000)
  eden space 13312K, 100% used [0x00000000d5580000,0x00000000d6280000,0x00000000d6280000)
  from space 2048K, 94% used [0x00000000d6d80000,0x00000000d6f640e8,0x00000000d6f80000)
  to   space 5120K, 0% used [0x00000000d6580000,0x00000000d6580000,0x00000000d6a80000)
 ParOldGen       total 89088K, used 88618K [0x0000000080000000, 0x0000000085700000, 0x00000000d5580000)
  object space 89088K, 99% used [0x0000000080000000,0x000000008568a910,0x0000000085700000)
 Metaspace       used 61438K, committed 62848K, reserved 1114112K
  class space    used 6539K, committed 7104K, reserved 1048576K
}
Event: 21.937 GC heap after
{Heap after GC invocations=70 (full 3):
 PSYoungGen      total 18432K, used 2624K [0x00000000d5580000, 0x00000000d6e00000, 0x0000000100000000)
  eden space 13312K, 0% used [0x00000000d5580000,0x00000000d5580000,0x00000000d6280000)
  from space 5120K, 51% used [0x00000000d6580000,0x00000000d6810010,0x00000000d6a80000)
  to   space 3072K, 0% used [0x00000000d6b00000,0x00000000d6b00000,0x00000000d6e00000)
 ParOldGen       total 90624K, used 90257K [0x0000000080000000, 0x0000000085880000, 0x00000000d5580000)
  object space 90624K, 99% used [0x0000000080000000,0x0000000085824718,0x0000000085880000)
 Metaspace       used 61438K, committed 62848K, reserved 1114112K
  class space    used 6539K, committed 7104K, reserved 1048576K
}
Event: 22.116 GC heap before
{Heap before GC invocations=71 (full 3):
 PSYoungGen      total 18432K, used 15936K [0x00000000d5580000, 0x00000000d6e00000, 0x0000000100000000)
  eden space 13312K, 100% used [0x00000000d5580000,0x00000000d6280000,0x00000000d6280000)
  from space 5120K, 51% used [0x00000000d6580000,0x00000000d6810010,0x00000000d6a80000)
  to   space 3072K, 0% used [0x00000000d6b00000,0x00000000d6b00000,0x00000000d6e00000)
 ParOldGen       total 90624K, used 90257K [0x0000000080000000, 0x0000000085880000, 0x00000000d5580000)
  object space 90624K, 99% used [0x0000000080000000,0x0000000085824718,0x0000000085880000)
 Metaspace       used 61789K, committed 63168K, reserved 1114112K
  class space    used 6584K, committed 7168K, reserved 1048576K
}
Event: 22.125 GC heap after
{Heap after GC invocations=71 (full 3):
 PSYoungGen      total 14336K, used 3069K [0x00000000d5580000, 0x00000000d7780000, 0x0000000100000000)
  eden space 11264K, 0% used [0x00000000d5580000,0x00000000d5580000,0x00000000d6080000)
  from space 3072K, 99% used [0x00000000d6b00000,0x00000000d6dff5a8,0x00000000d6e00000)
  to   space 10752K, 0% used [0x00000000d6080000,0x00000000d6080000,0x00000000d6b00000)
 ParOldGen       total 96768K, used 96654K [0x0000000080000000, 0x0000000085e80000, 0x00000000d5580000)
  object space 96768K, 99% used [0x0000000080000000,0x0000000085e63940,0x0000000085e80000)
 Metaspace       used 61789K, committed 63168K, reserved 1114112K
  class space    used 6584K, committed 7168K, reserved 1048576K
}
Event: 22.288 GC heap before
{Heap before GC invocations=72 (full 3):
 PSYoungGen      total 14336K, used 14333K [0x00000000d5580000, 0x00000000d7780000, 0x0000000100000000)
  eden space 11264K, 100% used [0x00000000d5580000,0x00000000d6080000,0x00000000d6080000)
  from space 3072K, 99% used [0x00000000d6b00000,0x00000000d6dff5a8,0x00000000d6e00000)
  to   space 10752K, 0% used [0x00000000d6080000,0x00000000d6080000,0x00000000d6b00000)
 ParOldGen       total 96768K, used 96654K [0x0000000080000000, 0x0000000085e80000, 0x00000000d5580000)
  object space 96768K, 99% used [0x0000000080000000,0x0000000085e63940,0x0000000085e80000)
 Metaspace       used 62018K, committed 63424K, reserved 1114112K
  class space    used 6606K, committed 7232K, reserved 1048576K
}
Event: 22.295 GC heap after
{Heap after GC invocations=72 (full 3):
 PSYoungGen      total 16384K, used 4685K [0x00000000d5580000, 0x00000000d6d80000, 0x0000000100000000)
  eden space 11264K, 0% used [0x00000000d5580000,0x00000000d5580000,0x00000000d6080000)
  from space 5120K, 91% used [0x00000000d6080000,0x00000000d65137d0,0x00000000d6580000)
  to   space 6656K, 0% used [0x00000000d6700000,0x00000000d6700000,0x00000000d6d80000)
 ParOldGen       total 99840K, used 99685K [0x0000000080000000, 0x0000000086180000, 0x00000000d5580000)
  object space 99840K, 99% used [0x0000000080000000,0x0000000086159610,0x0000000086180000)
 Metaspace       used 62018K, committed 63424K, reserved 1114112K
  class space    used 6606K, committed 7232K, reserved 1048576K
}
Event: 22.456 GC heap before
{Heap before GC invocations=73 (full 3):
 PSYoungGen      total 16384K, used 15949K [0x00000000d5580000, 0x00000000d6d80000, 0x0000000100000000)
  eden space 11264K, 100% used [0x00000000d5580000,0x00000000d6080000,0x00000000d6080000)
  from space 5120K, 91% used [0x00000000d6080000,0x00000000d65137d0,0x00000000d6580000)
  to   space 6656K, 0% used [0x00000000d6700000,0x00000000d6700000,0x00000000d6d80000)
 ParOldGen       total 99840K, used 99685K [0x0000000080000000, 0x0000000086180000, 0x00000000d5580000)
  object space 99840K, 99% used [0x0000000080000000,0x0000000086159610,0x0000000086180000)
 Metaspace       used 62229K, committed 63616K, reserved 1114112K
  class space    used 6614K, committed 7232K, reserved 1048576K
}
Event: 22.463 GC heap after
{Heap after GC invocations=73 (full 3):
 PSYoungGen      total 17920K, used 5887K [0x00000000d5580000, 0x00000000d6d80000, 0x0000000100000000)
  eden space 11264K, 0% used [0x00000000d5580000,0x00000000d5580000,0x00000000d6080000)
  from space 6656K, 88% used [0x00000000d6700000,0x00000000d6cbfe28,0x00000000d6d80000)
  to   space 6656K, 0% used [0x00000000d6080000,0x00000000d6080000,0x00000000d6700000)
 ParOldGen       total 104448K, used 104225K [0x0000000080000000, 0x0000000086600000, 0x00000000d5580000)
  object space 104448K, 99% used [0x0000000080000000,0x00000000865c8580,0x0000000086600000)
 Metaspace       used 62229K, committed 63616K, reserved 1114112K
  class space    used 6614K, committed 7232K, reserved 1048576K
}
Event: 22.827 GC heap before
{Heap before GC invocations=74 (full 3):
 PSYoungGen      total 17920K, used 17151K [0x00000000d5580000, 0x00000000d6d80000, 0x0000000100000000)
  eden space 11264K, 100% used [0x00000000d5580000,0x00000000d6080000,0x00000000d6080000)
  from space 6656K, 88% used [0x00000000d6700000,0x00000000d6cbfe28,0x00000000d6d80000)
  to   space 6656K, 0% used [0x00000000d6080000,0x00000000d6080000,0x00000000d6700000)
 ParOldGen       total 104448K, used 104225K [0x0000000080000000, 0x0000000086600000, 0x00000000d5580000)
  object space 104448K, 99% used [0x0000000080000000,0x00000000865c8580,0x0000000086600000)
 Metaspace       used 62522K, committed 63936K, reserved 1114112K
  class space    used 6652K, committed 7232K, reserved 1048576K
}
Event: 22.835 GC heap after
{Heap after GC invocations=74 (full 3):
 PSYoungGen      total 12800K, used 1504K [0x00000000d5580000, 0x00000000d6780000, 0x0000000100000000)
  eden space 11264K, 0% used [0x00000000d5580000,0x00000000d5580000,0x00000000d6080000)
  from space 1536K, 97% used [0x00000000d6080000,0x00000000d61f8000,0x00000000d6200000)
  to   space 3584K, 0% used [0x00000000d6400000,0x00000000d6400000,0x00000000d6780000)
 ParOldGen       total 105984K, used 105724K [0x0000000080000000, 0x0000000086780000, 0x00000000d5580000)
  object space 105984K, 99% used [0x0000000080000000,0x000000008673f0f8,0x0000000086780000)
 Metaspace       used 62522K, committed 63936K, reserved 1114112K
  class space    used 6652K, committed 7232K, reserved 1048576K
}
Event: 23.131 GC heap before
{Heap before GC invocations=75 (full 3):
 PSYoungGen      total 12800K, used 12768K [0x00000000d5580000, 0x00000000d6780000, 0x0000000100000000)
  eden space 11264K, 100% used [0x00000000d5580000,0x00000000d6080000,0x00000000d6080000)
  from space 1536K, 97% used [0x00000000d6080000,0x00000000d61f8000,0x00000000d6200000)
  to   space 3584K, 0% used [0x00000000d6400000,0x00000000d6400000,0x00000000d6780000)
 ParOldGen       total 105984K, used 105724K [0x0000000080000000, 0x0000000086780000, 0x00000000d5580000)
  object space 105984K, 99% used [0x0000000080000000,0x000000008673f0f8,0x0000000086780000)
 Metaspace       used 62774K, committed 64192K, reserved 1114112K
  class space    used 6685K, committed 7296K, reserved 1048576K
}
Event: 23.137 GC heap after
{Heap after GC invocations=75 (full 3):
 PSYoungGen      total 12800K, used 1408K [0x00000000d5580000, 0x00000000d6580000, 0x0000000100000000)
  eden space 11264K, 0% used [0x00000000d5580000,0x00000000d5580000,0x00000000d6080000)
  from space 1536K, 91% used [0x00000000d6400000,0x00000000d6560020,0x00000000d6580000)
  to   space 2048K, 0% used [0x00000000d6180000,0x00000000d6180000,0x00000000d6380000)
 ParOldGen       total 107520K, used 107058K [0x0000000080000000, 0x0000000086900000, 0x00000000d5580000)
  object space 107520K, 99% used [0x0000000080000000,0x000000008688cba0,0x0000000086900000)
 Metaspace       used 62774K, committed 64192K, reserved 1114112K
  class space    used 6685K, committed 7296K, reserved 1048576K
}
Event: 23.310 GC heap before
{Heap before GC invocations=76 (full 3):
 PSYoungGen      total 12800K, used 12535K [0x00000000d5580000, 0x00000000d6580000, 0x0000000100000000)
  eden space 11264K, 98% used [0x00000000d5580000,0x00000000d605df30,0x00000000d6080000)
  from space 1536K, 91% used [0x00000000d6400000,0x00000000d6560020,0x00000000d6580000)
  to   space 2048K, 0% used [0x00000000d6180000,0x00000000d6180000,0x00000000d6380000)
 ParOldGen       total 107520K, used 107058K [0x0000000080000000, 0x0000000086900000, 0x00000000d5580000)
  object space 107520K, 99% used [0x0000000080000000,0x000000008688cba0,0x0000000086900000)
 Metaspace       used 62864K, committed 64320K, reserved 1114112K
  class space    used 6696K, committed 7296K, reserved 1048576K
}
Event: 23.314 GC heap after
{Heap after GC invocations=76 (full 3):
 PSYoungGen      total 13312K, used 2035K [0x00000000d5580000, 0x00000000d6880000, 0x0000000100000000)
  eden space 11264K, 0% used [0x00000000d5580000,0x00000000d5580000,0x00000000d6080000)
  from space 2048K, 99% used [0x00000000d6180000,0x00000000d637cd30,0x00000000d6380000)
  to   space 4096K, 0% used [0x00000000d6480000,0x00000000d6480000,0x00000000d6880000)
 ParOldGen       total 108544K, used 108312K [0x0000000080000000, 0x0000000086a00000, 0x00000000d5580000)
  object space 108544K, 99% used [0x0000000080000000,0x00000000869c60a0,0x0000000086a00000)
 Metaspace       used 62864K, committed 64320K, reserved 1114112K
  class space    used 6696K, committed 7296K, reserved 1048576K
}
Event: 23.442 GC heap before
{Heap before GC invocations=77 (full 3):
 PSYoungGen      total 13312K, used 13299K [0x00000000d5580000, 0x00000000d6880000, 0x0000000100000000)
  eden space 11264K, 100% used [0x00000000d5580000,0x00000000d6080000,0x00000000d6080000)
  from space 2048K, 99% used [0x00000000d6180000,0x00000000d637cd30,0x00000000d6380000)
  to   space 4096K, 0% used [0x00000000d6480000,0x00000000d6480000,0x00000000d6880000)
 ParOldGen       total 108544K, used 108312K [0x0000000080000000, 0x0000000086a00000, 0x00000000d5580000)
  object space 108544K, 99% used [0x0000000080000000,0x00000000869c60a0,0x0000000086a00000)
 Metaspace       used 62888K, committed 64384K, reserved 1114112K
  class space    used 6696K, committed 7296K, reserved 1048576K
}
Event: 23.449 GC heap after
{Heap after GC invocations=77 (full 3):
 PSYoungGen      total 13824K, used 4071K [0x00000000d5580000, 0x00000000d6b80000, 0x0000000100000000)
  eden space 9728K, 0% used [0x00000000d5580000,0x00000000d5580000,0x00000000d5f00000)
  from space 4096K, 99% used [0x00000000d6480000,0x00000000d6879f40,0x00000000d6880000)
  to   space 5632K, 0% used [0x00000000d5f00000,0x00000000d5f00000,0x00000000d6480000)
 ParOldGen       total 109568K, used 109328K [0x0000000080000000, 0x0000000086b00000, 0x00000000d5580000)
  object space 109568K, 99% used [0x0000000080000000,0x0000000086ac4100,0x0000000086b00000)
 Metaspace       used 62888K, committed 64384K, reserved 1114112K
  class space    used 6696K, committed 7296K, reserved 1048576K
}
Event: 23.606 GC heap before
{Heap before GC invocations=78 (full 3):
 PSYoungGen      total 13824K, used 13799K [0x00000000d5580000, 0x00000000d6b80000, 0x0000000100000000)
  eden space 9728K, 100% used [0x00000000d5580000,0x00000000d5f00000,0x00000000d5f00000)
  from space 4096K, 99% used [0x00000000d6480000,0x00000000d6879f40,0x00000000d6880000)
  to   space 5632K, 0% used [0x00000000d5f00000,0x00000000d5f00000,0x00000000d6480000)
 ParOldGen       total 109568K, used 109328K [0x0000000080000000, 0x0000000086b00000, 0x00000000d5580000)
  object space 109568K, 99% used [0x0000000080000000,0x0000000086ac4100,0x0000000086b00000)
 Metaspace       used 62926K, committed 64384K, reserved 1114112K
  class space    used 6699K, committed 7296K, reserved 1048576K
}
Event: 25.636 GC heap after
{Heap after GC invocations=78 (full 3):
 PSYoungGen      total 15360K, used 5609K [0x00000000d5580000, 0x00000000d6b80000, 0x0000000100000000)
  eden space 9728K, 0% used [0x00000000d5580000,0x00000000d5580000,0x00000000d5f00000)
  from space 5632K, 99% used [0x00000000d5f00000,0x00000000d647a4d0,0x00000000d6480000)
  to   space 4096K, 0% used [0x00000000d6480000,0x00000000d6480000,0x00000000d6880000)
 ParOldGen       total 113664K, used 113496K [0x0000000080000000, 0x0000000086f00000, 0x00000000d5580000)
  object space 113664K, 99% used [0x0000000080000000,0x0000000086ed6040,0x0000000086f00000)
 Metaspace       used 62926K, committed 64384K, reserved 1114112K
  class space    used 6699K, committed 7296K, reserved 1048576K
}

