# JRE version: OpenJDK Runtime Environment Temurin-21.0.8+9 (21.0.8+9) (build 21.0.8+9-LTS)
# Java VM: OpenJDK 64-Bit Server VM Temurin-21.0.8+9 (21.0.8+9-LTS, mixed mode, sharing, tiered, compressed oops, compressed class ptrs, parallel gc, windows-amd64)
GC Precious Log:
 CardTable entry size: 512
 CPUs: 8 total, 8 available
 Memory: 7876M
 Large Page Support: Disabled
 NUMA Support: Disabled
 Compressed Oops: Enabled (32-bit)
 Alignments: Space 512K, Generation 512K, Heap 2M
 Heap Min Capacity: 100M
 Heap Initial Capacity: 100M
 Heap Max Capacity: 2G
 Pre-touch: Disabled
 Parallel Workers: 8
Heap:
 PSYoungGen      total 13312K, used 4822K [0x00000000d5580000, 0x00000000d6500000, 0x0000000100000000)
  eden space 11776K, 33% used [0x00000000d5580000,0x00000000d5964140,0x00000000d6100000)
  from space 1536K, 54% used [0x00000000d6280000,0x00000000d6351910,0x00000000d6400000)
  to   space 1024K, 0% used [0x00000000d6400000,0x00000000d6400000,0x00000000d6500000)
 ParOldGen       total 155648K, used 155235K [0x0000000080000000, 0x0000000089800000, 0x00000000d5580000)
  object space 155648K, 99% used [0x0000000080000000,0x0000000089798ce8,0x0000000089800000)
 Metaspace       used 56997K, committed 58304K, reserved 1114112K
  class space    used 6114K, committed 6656K, reserved 1048576K
GC Heap History (20 events):
Event: 39.562 GC heap before
{Heap before GC invocations=57 (full 2):
 PSYoungGen      total 13824K, used 13800K [0x00000000d5580000, 0x00000000d6580000, 0x0000000100000000)
  eden space 12800K, 100% used [0x00000000d5580000,0x00000000d6200000,0x00000000d6200000)
  from space 1024K, 97% used [0x00000000d6380000,0x00000000d647a1a0,0x00000000d6480000)
  to   space 1536K, 0% used [0x00000000d6200000,0x00000000d6200000,0x00000000d6380000)
 ParOldGen       total 145920K, used 145672K [0x0000000080000000, 0x0000000088e80000, 0x00000000d5580000)
  object space 145920K, 99% used [0x0000000080000000,0x0000000088e42090,0x0000000088e80000)
 Metaspace       used 56288K, committed 57664K, reserved 1114112K
  class space    used 6059K, committed 6592K, reserved 1048576K
}
Event: 39.567 GC heap after
{Heap after GC invocations=57 (full 2):
 PSYoungGen      total 13824K, used 871K [0x00000000d5580000, 0x00000000d6400000, 0x0000000100000000)
  eden space 12800K, 0% used [0x00000000d5580000,0x00000000d5580000,0x00000000d6200000)
  from space 1024K, 85% used [0x00000000d6200000,0x00000000d62d9ed0,0x00000000d6300000)
  to   space 1024K, 0% used [0x00000000d6300000,0x00000000d6300000,0x00000000d6400000)
 ParOldGen       total 146944K, used 146514K [0x0000000080000000, 0x0000000088f80000, 0x00000000d5580000)
  object space 146944K, 99% used [0x0000000080000000,0x0000000088f14a60,0x0000000088f80000)
 Metaspace       used 56288K, committed 57664K, reserved 1114112K
  class space    used 6059K, committed 6592K, reserved 1048576K
}
Event: 39.622 GC heap before
{Heap before GC invocations=58 (full 2):
 PSYoungGen      total 13824K, used 13671K [0x00000000d5580000, 0x00000000d6400000, 0x0000000100000000)
  eden space 12800K, 100% used [0x00000000d5580000,0x00000000d6200000,0x00000000d6200000)
  from space 1024K, 85% used [0x00000000d6200000,0x00000000d62d9ed0,0x00000000d6300000)
  to   space 1024K, 0% used [0x00000000d6300000,0x00000000d6300000,0x00000000d6400000)
 ParOldGen       total 146944K, used 146514K [0x0000000080000000, 0x0000000088f80000, 0x00000000d5580000)
  object space 146944K, 99% used [0x0000000080000000,0x0000000088f14a60,0x0000000088f80000)
 Metaspace       used 56300K, committed 57664K, reserved 1114112K
  class space    used 6059K, committed 6592K, reserved 1048576K
}
Event: 39.626 GC heap after
{Heap after GC invocations=58 (full 2):
 PSYoungGen      total 13824K, used 824K [0x00000000d5580000, 0x00000000d6400000, 0x0000000100000000)
  eden space 12800K, 0% used [0x00000000d5580000,0x00000000d5580000,0x00000000d6200000)
  from space 1024K, 80% used [0x00000000d6300000,0x00000000d63ce068,0x00000000d6400000)
  to   space 1024K, 0% used [0x00000000d6200000,0x00000000d6200000,0x00000000d6300000)
 ParOldGen       total 147456K, used 147245K [0x0000000080000000, 0x0000000089000000, 0x00000000d5580000)
  object space 147456K, 99% used [0x0000000080000000,0x0000000088fcb718,0x0000000089000000)
 Metaspace       used 56300K, committed 57664K, reserved 1114112K
  class space    used 6059K, committed 6592K, reserved 1048576K
}
Event: 39.718 GC heap before
{Heap before GC invocations=59 (full 2):
 PSYoungGen      total 13824K, used 13624K [0x00000000d5580000, 0x00000000d6400000, 0x0000000100000000)
  eden space 12800K, 100% used [0x00000000d5580000,0x00000000d6200000,0x00000000d6200000)
  from space 1024K, 80% used [0x00000000d6300000,0x00000000d63ce068,0x00000000d6400000)
  to   space 1024K, 0% used [0x00000000d6200000,0x00000000d6200000,0x00000000d6300000)
 ParOldGen       total 147456K, used 147245K [0x0000000080000000, 0x0000000089000000, 0x00000000d5580000)
  object space 147456K, 99% used [0x0000000080000000,0x0000000088fcb718,0x0000000089000000)
 Metaspace       used 56374K, committed 57728K, reserved 1114112K
  class space    used 6059K, committed 6592K, reserved 1048576K
}
Event: 39.721 GC heap after
{Heap after GC invocations=59 (full 2):
 PSYoungGen      total 13824K, used 803K [0x00000000d5580000, 0x00000000d6400000, 0x0000000100000000)
  eden space 12800K, 0% used [0x00000000d5580000,0x00000000d5580000,0x00000000d6200000)
  from space 1024K, 78% used [0x00000000d6200000,0x00000000d62c8c70,0x00000000d6300000)
  to   space 1024K, 0% used [0x00000000d6300000,0x00000000d6300000,0x00000000d6400000)
 ParOldGen       total 147968K, used 147771K [0x0000000080000000, 0x0000000089080000, 0x00000000d5580000)
  object space 147968K, 99% used [0x0000000080000000,0x000000008904efd0,0x0000000089080000)
 Metaspace       used 56374K, committed 57728K, reserved 1114112K
  class space    used 6059K, committed 6592K, reserved 1048576K
}
Event: 39.830 GC heap before
{Heap before GC invocations=60 (full 2):
 PSYoungGen      total 13824K, used 13603K [0x00000000d5580000, 0x00000000d6400000, 0x0000000100000000)
  eden space 12800K, 100% used [0x00000000d5580000,0x00000000d6200000,0x00000000d6200000)
  from space 1024K, 78% used [0x00000000d6200000,0x00000000d62c8c70,0x00000000d6300000)
  to   space 1024K, 0% used [0x00000000d6300000,0x00000000d6300000,0x00000000d6400000)
 ParOldGen       total 147968K, used 147771K [0x0000000080000000, 0x0000000089080000, 0x00000000d5580000)
  object space 147968K, 99% used [0x0000000080000000,0x000000008904efd0,0x0000000089080000)
 Metaspace       used 56413K, committed 57728K, reserved 1114112K
  class space    used 6059K, committed 6592K, reserved 1048576K
}
Event: 39.837 GC heap after
{Heap after GC invocations=60 (full 2):
 PSYoungGen      total 12800K, used 1003K [0x00000000d5580000, 0x00000000d6600000, 0x0000000100000000)
  eden space 11776K, 0% used [0x00000000d5580000,0x00000000d5580000,0x00000000d6100000)
  from space 1024K, 98% used [0x00000000d6300000,0x00000000d63faf78,0x00000000d6400000)
  to   space 2048K, 0% used [0x00000000d6100000,0x00000000d6100000,0x00000000d6300000)
 ParOldGen       total 148992K, used 148604K [0x0000000080000000, 0x0000000089180000, 0x00000000d5580000)
  object space 148992K, 99% used [0x0000000080000000,0x000000008911f1e0,0x0000000089180000)
 Metaspace       used 56413K, committed 57728K, reserved 1114112K
  class space    used 6059K, committed 6592K, reserved 1048576K
}
Event: 40.012 GC heap before
{Heap before GC invocations=61 (full 2):
 PSYoungGen      total 12800K, used 12779K [0x00000000d5580000, 0x00000000d6600000, 0x0000000100000000)
  eden space 11776K, 100% used [0x00000000d5580000,0x00000000d6100000,0x00000000d6100000)
  from space 1024K, 98% used [0x00000000d6300000,0x00000000d63faf78,0x00000000d6400000)
  to   space 2048K, 0% used [0x00000000d6100000,0x00000000d6100000,0x00000000d6300000)
 ParOldGen       total 148992K, used 148604K [0x0000000080000000, 0x0000000089180000, 0x00000000d5580000)
  object space 148992K, 99% used [0x0000000080000000,0x000000008911f1e0,0x0000000089180000)
 Metaspace       used 56480K, committed 57856K, reserved 1114112K
  class space    used 6063K, committed 6592K, reserved 1048576K
}
Event: 40.016 GC heap after
{Heap after GC invocations=61 (full 2):
 PSYoungGen      total 12800K, used 738K [0x00000000d5580000, 0x00000000d6400000, 0x0000000100000000)
  eden space 11776K, 0% used [0x00000000d5580000,0x00000000d5580000,0x00000000d6100000)
  from space 1024K, 72% used [0x00000000d6100000,0x00000000d61b8a88,0x00000000d6200000)
  to   space 1536K, 0% used [0x00000000d6280000,0x00000000d6280000,0x00000000d6400000)
 ParOldGen       total 149504K, used 149444K [0x0000000080000000, 0x0000000089200000, 0x00000000d5580000)
  object space 149504K, 99% used [0x0000000080000000,0x00000000891f1000,0x0000000089200000)
 Metaspace       used 56480K, committed 57856K, reserved 1114112K
  class space    used 6063K, committed 6592K, reserved 1048576K
}
Event: 40.063 GC heap before
{Heap before GC invocations=62 (full 2):
 PSYoungGen      total 12800K, used 12514K [0x00000000d5580000, 0x00000000d6400000, 0x0000000100000000)
  eden space 11776K, 100% used [0x00000000d5580000,0x00000000d6100000,0x00000000d6100000)
  from space 1024K, 72% used [0x00000000d6100000,0x00000000d61b8a88,0x00000000d6200000)
  to   space 1536K, 0% used [0x00000000d6280000,0x00000000d6280000,0x00000000d6400000)
 ParOldGen       total 149504K, used 149444K [0x0000000080000000, 0x0000000089200000, 0x00000000d5580000)
  object space 149504K, 99% used [0x0000000080000000,0x00000000891f1000,0x0000000089200000)
 Metaspace       used 56526K, committed 57856K, reserved 1114112K
  class space    used 6068K, committed 6592K, reserved 1048576K
}
Event: 40.067 GC heap after
{Heap after GC invocations=62 (full 2):
 PSYoungGen      total 13312K, used 1336K [0x00000000d5580000, 0x00000000d6400000, 0x0000000100000000)
  eden space 11776K, 0% used [0x00000000d5580000,0x00000000d5580000,0x00000000d6100000)
  from space 1536K, 87% used [0x00000000d6280000,0x00000000d63ce3b0,0x00000000d6400000)
  to   space 1536K, 0% used [0x00000000d6100000,0x00000000d6100000,0x00000000d6280000)
 ParOldGen       total 150528K, used 150053K [0x0000000080000000, 0x0000000089300000, 0x00000000d5580000)
  object space 150528K, 99% used [0x0000000080000000,0x0000000089289588,0x0000000089300000)
 Metaspace       used 56526K, committed 57856K, reserved 1114112K
  class space    used 6068K, committed 6592K, reserved 1048576K
}
Event: 40.288 GC heap before
{Heap before GC invocations=63 (full 2):
 PSYoungGen      total 13312K, used 13112K [0x00000000d5580000, 0x00000000d6400000, 0x0000000100000000)
  eden space 11776K, 100% used [0x00000000d5580000,0x00000000d6100000,0x00000000d6100000)
  from space 1536K, 87% used [0x00000000d6280000,0x00000000d63ce3b0,0x00000000d6400000)
  to   space 1536K, 0% used [0x00000000d6100000,0x00000000d6100000,0x00000000d6280000)
 ParOldGen       total 150528K, used 150053K [0x0000000080000000, 0x0000000089300000, 0x00000000d5580000)
  object space 150528K, 99% used [0x0000000080000000,0x0000000089289588,0x0000000089300000)
 Metaspace       used 56779K, committed 58112K, reserved 1114112K
  class space    used 6114K, committed 6656K, reserved 1048576K
}
Event: 40.291 GC heap after
{Heap after GC invocations=63 (full 2):
 PSYoungGen      total 13312K, used 1344K [0x00000000d5580000, 0x00000000d6400000, 0x0000000100000000)
  eden space 11776K, 0% used [0x00000000d5580000,0x00000000d5580000,0x00000000d6100000)
  from space 1536K, 87% used [0x00000000d6100000,0x00000000d6250000,0x00000000d6280000)
  to   space 1536K, 0% used [0x00000000d6280000,0x00000000d6280000,0x00000000d6400000)
 ParOldGen       total 151040K, used 150623K [0x0000000080000000, 0x0000000089380000, 0x00000000d5580000)
  object space 151040K, 99% used [0x0000000080000000,0x0000000089317c90,0x0000000089380000)
 Metaspace       used 56779K, committed 58112K, reserved 1114112K
  class space    used 6114K, committed 6656K, reserved 1048576K
}
Event: 40.583 GC heap before
{Heap before GC invocations=64 (full 2):
 PSYoungGen      total 13312K, used 13120K [0x00000000d5580000, 0x00000000d6400000, 0x0000000100000000)
  eden space 11776K, 100% used [0x00000000d5580000,0x00000000d6100000,0x00000000d6100000)
  from space 1536K, 87% used [0x00000000d6100000,0x00000000d6250000,0x00000000d6280000)
  to   space 1536K, 0% used [0x00000000d6280000,0x00000000d6280000,0x00000000d6400000)
 ParOldGen       total 151040K, used 150623K [0x0000000080000000, 0x0000000089380000, 0x00000000d5580000)
  object space 151040K, 99% used [0x0000000080000000,0x0000000089317c90,0x0000000089380000)
 Metaspace       used 56839K, committed 58176K, reserved 1114112K
  class space    used 6114K, committed 6656K, reserved 1048576K
}
Event: 40.589 GC heap after
{Heap after GC invocations=64 (full 2):
 PSYoungGen      total 13312K, used 1343K [0x00000000d5580000, 0x00000000d6400000, 0x0000000100000000)
  eden space 11776K, 0% used [0x00000000d5580000,0x00000000d5580000,0x00000000d6100000)
  from space 1536K, 87% used [0x00000000d6280000,0x00000000d63cfdd0,0x00000000d6400000)
  to   space 1536K, 0% used [0x00000000d6100000,0x00000000d6100000,0x00000000d6280000)
 ParOldGen       total 152064K, used 151786K [0x0000000080000000, 0x0000000089480000, 0x00000000d5580000)
  object space 152064K, 99% used [0x0000000080000000,0x000000008943a9b0,0x0000000089480000)
 Metaspace       used 56839K, committed 58176K, reserved 1114112K
  class space    used 6114K, committed 6656K, reserved 1048576K
}
Event: 40.724 GC heap before
{Heap before GC invocations=65 (full 2):
 PSYoungGen      total 13312K, used 13119K [0x00000000d5580000, 0x00000000d6400000, 0x0000000100000000)
  eden space 11776K, 100% used [0x00000000d5580000,0x00000000d6100000,0x00000000d6100000)
  from space 1536K, 87% used [0x00000000d6280000,0x00000000d63cfdd0,0x00000000d6400000)
  to   space 1536K, 0% used [0x00000000d6100000,0x00000000d6100000,0x00000000d6280000)
 ParOldGen       total 152064K, used 151786K [0x0000000080000000, 0x0000000089480000, 0x00000000d5580000)
  object space 152064K, 99% used [0x0000000080000000,0x000000008943a9b0,0x0000000089480000)
 Metaspace       used 56860K, committed 58176K, reserved 1114112K
  class space    used 6114K, committed 6656K, reserved 1048576K
}
Event: 40.729 GC heap after
{Heap after GC invocations=65 (full 2):
 PSYoungGen      total 13312K, used 1518K [0x00000000d5580000, 0x00000000d6800000, 0x0000000100000000)
  eden space 11776K, 0% used [0x00000000d5580000,0x00000000d5580000,0x00000000d6100000)
  from space 1536K, 98% used [0x00000000d6100000,0x00000000d627bb30,0x00000000d6280000)
  to   space 3584K, 0% used [0x00000000d6480000,0x00000000d6480000,0x00000000d6800000)
 ParOldGen       total 153600K, used 153143K [0x0000000080000000, 0x0000000089600000, 0x00000000d5580000)
  object space 153600K, 99% used [0x0000000080000000,0x000000008958df50,0x0000000089600000)
 Metaspace       used 56860K, committed 58176K, reserved 1114112K
  class space    used 6114K, committed 6656K, reserved 1048576K
}
Event: 40.953 GC heap before
{Heap before GC invocations=66 (full 2):
 PSYoungGen      total 13312K, used 13294K [0x00000000d5580000, 0x00000000d6800000, 0x0000000100000000)
  eden space 11776K, 100% used [0x00000000d5580000,0x00000000d6100000,0x00000000d6100000)
  from space 1536K, 98% used [0x00000000d6100000,0x00000000d627bb30,0x00000000d6280000)
  to   space 3584K, 0% used [0x00000000d6480000,0x00000000d6480000,0x00000000d6800000)
 ParOldGen       total 153600K, used 153143K [0x0000000080000000, 0x0000000089600000, 0x00000000d5580000)
  object space 153600K, 99% used [0x0000000080000000,0x000000008958df50,0x0000000089600000)
 Metaspace       used 56904K, committed 58240K, reserved 1114112K
  class space    used 6114K, committed 6656K, reserved 1048576K
}
Event: 40.960 GC heap after
{Heap after GC invocations=66 (full 2):
 PSYoungGen      total 12800K, used 728K [0x00000000d5580000, 0x00000000d6580000, 0x0000000100000000)
  eden space 11776K, 0% used [0x00000000d5580000,0x00000000d5580000,0x00000000d6100000)
  from space 1024K, 71% used [0x00000000d6480000,0x00000000d6536308,0x00000000d6580000)
  to   space 1536K, 0% used [0x00000000d6280000,0x00000000d6280000,0x00000000d6400000)
 ParOldGen       total 154624K, used 154577K [0x0000000080000000, 0x0000000089700000, 0x00000000d5580000)
  object space 154624K, 99% used [0x0000000080000000,0x00000000896f4760,0x0000000089700000)
 Metaspace       used 56904K, committed 58240K, reserved 1114112K
  class space    used 6114K, committed 6656K, reserved 1048576K
}

